2019. 9. 10 오전 12:45:19 org.apache.catalina.startup.Embedded initDirs
심각: Cannot find specified temporary folder at F:\BEER3\bg_server-multi\tomcat\temp
2019. 9. 10 오전 12:45:19 org.apache.catalina.core.AprLifecycleListener lifecycleEvent
정보: The Apache Tomcat Native library which allows optimal performance in production environments was not found on the java.library.path: F:\BEER3\bg_server-multi\jdk\bin;.;C:\Windows\system32;C:\Windows;C:\Windows\system32;C:\Windows;C:\Windows\System32\Wbem;C:\Windows\System32\WindowsPowerShell\v1.0\;C:\Windows\System32\OpenSSH\;C:\Program Files (x86)\Intel\Intel(R) Management Engine Components\DAL;C:\Program Files\Intel\Intel(R) Management Engine Components\DAL;C:\Users\영403\AppData\Local\Microsoft\WindowsApps;
2019. 9. 10 오전 12:45:19 org.apache.coyote.http11.Http11BaseProtocol init
정보: Initializing Coyote HTTP/1.1 on http-8080
2019. 9. 10 오전 12:45:19 org.apache.catalina.startup.Catalina load
정보: Initialization processed in 359 ms
2019. 9. 10 오전 12:45:19 org.apache.catalina.core.StandardService start
정보: Starting service Catalina
2019. 9. 10 오전 12:45:19 org.apache.catalina.core.StandardEngine start
정보: Starting Servlet Engine: Apache Tomcat/5.5.25
2019. 9. 10 오전 12:45:19 org.apache.catalina.core.StandardHost start
정보: XML validation disabled
2019. 9. 10 오전 12:45:20 org.apache.coyote.http11.Http11BaseProtocol start
정보: Starting Coyote HTTP/1.1 on http-8080
2019. 9. 10 오전 12:45:20 org.apache.jk.common.ChannelSocket init
정보: JK: ajp13 listening on /0.0.0.0:8009
2019. 9. 10 오전 12:45:20 org.apache.jk.server.JkMain start
정보: Jk running ID=0 time=0/0  config=null
2019. 9. 10 오전 12:45:20 org.apache.catalina.storeconfig.StoreLoader load
정보: Find registry server-registry.xml at classpath resource
2019. 9. 10 오전 12:45:20 org.apache.catalina.startup.Catalina start
정보: Server startup in 1047 ms
