2017. 6. 8 오전 4:54:55 org.apache.catalina.startup.Embedded initDirs
심각: Cannot find specified temporary folder at C:\Users\LEE\Documents\일본물류기업론\beerGame\-3526204853888\bg_server-multi\tomcat\temp
2017. 6. 8 오전 4:54:56 org.apache.catalina.core.AprLifecycleListener lifecycleEvent
정보: The Apache Tomcat Native library which allows optimal performance in production environments was not found on the java.library.path: C:\Users\LEE\Documents\일본물류기업론\beerGame\-3526204853888\bg_server-multi\jdk\bin;.;C:\Windows\system32;C:\Windows;C:\Windows\system32;C:\Windows;C:\Windows\System32\Wbem;C:\Windows\System32\WindowsPowerShell\v1.0\;C:\Program Files (x86)\ATI Technologies\ATI.ACE\Core-Static
2017. 6. 8 오전 4:54:56 org.apache.coyote.http11.Http11BaseProtocol init
정보: Initializing Coyote HTTP/1.1 on http-8080
2017. 6. 8 오전 4:54:56 org.apache.catalina.startup.Catalina load
정보: Initialization processed in 281 ms
2017. 6. 8 오전 4:54:56 org.apache.catalina.core.StandardService start
정보: Starting service Catalina
2017. 6. 8 오전 4:54:56 org.apache.catalina.core.StandardEngine start
정보: Starting Servlet Engine: Apache Tomcat/5.5.25
2017. 6. 8 오전 4:54:56 org.apache.catalina.core.StandardHost start
정보: XML validation disabled
2017. 6. 8 오전 4:54:56 org.apache.coyote.http11.Http11BaseProtocol start
정보: Starting Coyote HTTP/1.1 on http-8080
2017. 6. 8 오전 4:54:56 org.apache.jk.common.ChannelSocket init
정보: JK: ajp13 listening on /0.0.0.0:8009
2017. 6. 8 오전 4:54:56 org.apache.jk.server.JkMain start
정보: Jk running ID=0 time=0/15  config=null
2017. 6. 8 오전 4:54:56 org.apache.catalina.storeconfig.StoreLoader load
정보: Find registry server-registry.xml at classpath resource
2017. 6. 8 오전 4:54:56 org.apache.catalina.startup.Catalina start
정보: Server startup in 578 ms
2017. 6. 8 오전 5:11:10 org.apache.coyote.http11.Http11BaseProtocol pause
정보: Pausing Coyote HTTP/1.1 on http-8080
2017. 6. 8 오전 5:11:11 org.apache.catalina.core.StandardService stop
정보: Stopping service Catalina
2017. 6. 8 오전 5:11:11 org.apache.coyote.http11.Http11BaseProtocol destroy
정보: Stopping Coyote HTTP/1.1 on http-8080
2017. 6. 8 오전 5:11:11 org.apache.catalina.core.AprLifecycleListener lifecycleEvent
정보: Failed shutdown of Apache Portable Runtime
2017. 6. 8 오전 7:35:28 org.apache.catalina.startup.Embedded initDirs
심각: Cannot find specified temporary folder at C:\Users\LEE\Desktop\BEER\bg_server-multi\tomcat\temp
2017. 6. 8 오전 7:35:28 org.apache.catalina.core.AprLifecycleListener lifecycleEvent
정보: The Apache Tomcat Native library which allows optimal performance in production environments was not found on the java.library.path: C:\Users\LEE\Desktop\BEER\bg_server-multi\jdk\bin;.;C:\Windows\system32;C:\Windows;C:\Windows\system32;C:\Windows;C:\Windows\System32\Wbem;C:\Windows\System32\WindowsPowerShell\v1.0\;C:\Program Files (x86)\ATI Technologies\ATI.ACE\Core-Static
2017. 6. 8 오전 7:35:28 org.apache.coyote.http11.Http11BaseProtocol init
정보: Initializing Coyote HTTP/1.1 on http-8080
2017. 6. 8 오전 7:35:28 org.apache.catalina.startup.Catalina load
정보: Initialization processed in 281 ms
2017. 6. 8 오전 7:35:28 org.apache.catalina.core.StandardService start
정보: Starting service Catalina
2017. 6. 8 오전 7:35:28 org.apache.catalina.core.StandardEngine start
정보: Starting Servlet Engine: Apache Tomcat/5.5.25
2017. 6. 8 오전 7:35:28 org.apache.catalina.core.StandardHost start
정보: XML validation disabled
2017. 6. 8 오전 7:35:28 org.apache.coyote.http11.Http11BaseProtocol start
정보: Starting Coyote HTTP/1.1 on http-8080
2017. 6. 8 오전 7:35:29 org.apache.jk.common.ChannelSocket init
정보: JK: ajp13 listening on /0.0.0.0:8009
2017. 6. 8 오전 7:35:29 org.apache.jk.server.JkMain start
정보: Jk running ID=0 time=0/13  config=null
2017. 6. 8 오전 7:35:29 org.apache.catalina.storeconfig.StoreLoader load
정보: Find registry server-registry.xml at classpath resource
2017. 6. 8 오전 7:35:29 org.apache.catalina.startup.Catalina start
정보: Server startup in 513 ms
2017. 6. 8 오전 7:47:41 org.apache.coyote.http11.Http11BaseProtocol pause
정보: Pausing Coyote HTTP/1.1 on http-8080
2017. 6. 8 오전 7:47:42 org.apache.catalina.core.StandardService stop
정보: Stopping service Catalina
2017. 6. 8 오전 7:47:42 org.apache.coyote.http11.Http11BaseProtocol destroy
정보: Stopping Coyote HTTP/1.1 on http-8080
2017. 6. 8 오전 7:47:42 org.apache.catalina.core.AprLifecycleListener lifecycleEvent
정보: Failed shutdown of Apache Portable Runtime
2017. 6. 8 오전 7:47:45 org.apache.catalina.startup.Embedded initDirs
심각: Cannot find specified temporary folder at C:\Users\LEE\Desktop\BEER\bg_server-multi\tomcat\temp
2017. 6. 8 오전 7:47:45 org.apache.catalina.core.AprLifecycleListener lifecycleEvent
정보: The Apache Tomcat Native library which allows optimal performance in production environments was not found on the java.library.path: C:\Users\LEE\Desktop\BEER\bg_server-multi\jdk\bin;.;C:\Windows\system32;C:\Windows;C:\Windows\system32;C:\Windows;C:\Windows\System32\Wbem;C:\Windows\System32\WindowsPowerShell\v1.0\;C:\Program Files (x86)\ATI Technologies\ATI.ACE\Core-Static
2017. 6. 8 오전 7:47:45 org.apache.coyote.http11.Http11BaseProtocol init
정보: Initializing Coyote HTTP/1.1 on http-8080
2017. 6. 8 오전 7:47:45 org.apache.catalina.startup.Catalina load
정보: Initialization processed in 296 ms
2017. 6. 8 오전 7:47:45 org.apache.catalina.core.StandardService start
정보: Starting service Catalina
2017. 6. 8 오전 7:47:45 org.apache.catalina.core.StandardEngine start
정보: Starting Servlet Engine: Apache Tomcat/5.5.25
2017. 6. 8 오전 7:47:45 org.apache.catalina.core.StandardHost start
정보: XML validation disabled
2017. 6. 8 오전 7:47:46 org.apache.coyote.http11.Http11BaseProtocol start
정보: Starting Coyote HTTP/1.1 on http-8080
2017. 6. 8 오전 7:47:46 org.apache.jk.common.ChannelSocket init
정보: JK: ajp13 listening on /0.0.0.0:8009
2017. 6. 8 오전 7:47:46 org.apache.jk.server.JkMain start
정보: Jk running ID=0 time=0/15  config=null
2017. 6. 8 오전 7:47:46 org.apache.catalina.storeconfig.StoreLoader load
정보: Find registry server-registry.xml at classpath resource
2017. 6. 8 오전 7:47:46 org.apache.catalina.startup.Catalina start
정보: Server startup in 536 ms
2017. 6. 8 오전 7:51:23 org.apache.coyote.http11.Http11BaseProtocol pause
정보: Pausing Coyote HTTP/1.1 on http-8080
2017. 6. 8 오전 7:51:24 org.apache.catalina.core.StandardService stop
정보: Stopping service Catalina
2017. 6. 8 오전 7:51:24 org.apache.coyote.http11.Http11BaseProtocol destroy
정보: Stopping Coyote HTTP/1.1 on http-8080
2017. 6. 8 오전 7:51:24 org.apache.catalina.core.AprLifecycleListener lifecycleEvent
정보: Failed shutdown of Apache Portable Runtime
