2022. 3. 10 오전 7:43:32 org.apache.catalina.startup.Embedded initDirs
심각: Cannot find specified temporary folder at C:\Users\korjs\OneDrive\デスクトップ\BEER3\bg_server-multi\tomcat\temp
2022. 3. 10 오전 7:43:32 org.apache.catalina.core.AprLifecycleListener lifecycleEvent
정보: The Apache Tomcat Native library which allows optimal performance in production environments was not found on the java.library.path: C:\Users\korjs\OneDrive\デスクトップ\BEER3\bg_server-multi\jdk\bin;.;C:\WINDOWS\system32;C:\WINDOWS;C:\Program Files (x86)\Common Files\Oracle\Java\javapath;C:\WINDOWS\system32;C:\WINDOWS;C:\WINDOWS\System32\Wbem;C:\WINDOWS\System32\WindowsPowerShell\v1.0\;C:\WINDOWS\System32\OpenSSH\;C:/Users/korjs/corretto/jdk11.0.10_9\bin;C:\Program Files\R\R-4.0.3\bin\x64;C:\Program Files (x86)\Common Files\Oracle\Java\javapath;C:\Windows\system32;C:\Windows;C:\Windows\System32\Wbem;C:\Windows\System32\WindowsPowerShell\v1.0\;C:\Windows\System32\OpenSSH\;C:/Users/korjs/corretto/jdk11.0.10_9\bin;C:\Users\korjs\AppData\Local\Microsoft\WindowsApps;C:\Program Files\RStudio\bin\rpostback;C:\Program Files\RStudio\bin\postback;C:\Users\korjs\AppData\Local\Microsoft\WindowsApps;;C:\Program Files (x86)\ESTsoft\ALSee\x64
2022. 3. 10 오전 7:43:32 org.apache.coyote.http11.Http11BaseProtocol init
정보: Initializing Coyote HTTP/1.1 on http-8080
2022. 3. 10 오전 7:43:32 org.apache.catalina.startup.Catalina load
정보: Initialization processed in 254 ms
2022. 3. 10 오전 7:43:32 org.apache.catalina.core.StandardService start
정보: Starting service Catalina
2022. 3. 10 오전 7:43:32 org.apache.catalina.core.StandardEngine start
정보: Starting Servlet Engine: Apache Tomcat/5.5.25
2022. 3. 10 오전 7:43:32 org.apache.catalina.core.StandardHost start
정보: XML validation disabled
2022. 3. 10 오전 7:43:33 org.apache.coyote.http11.Http11BaseProtocol start
정보: Starting Coyote HTTP/1.1 on http-8080
2022. 3. 10 오전 7:43:33 org.apache.jk.common.ChannelSocket init
정보: JK: ajp13 listening on /0.0.0.0:8009
2022. 3. 10 오전 7:43:33 org.apache.jk.server.JkMain start
정보: Jk running ID=0 time=0/12  config=null
2022. 3. 10 오전 7:43:33 org.apache.catalina.storeconfig.StoreLoader load
정보: Find registry server-registry.xml at classpath resource
2022. 3. 10 오전 7:43:33 org.apache.catalina.startup.Catalina start
정보: Server startup in 464 ms
2022. 3. 10 오전 7:45:47 org.apache.coyote.http11.Http11BaseProtocol pause
정보: Pausing Coyote HTTP/1.1 on http-8080
2022. 3. 10 오전 7:45:49 org.apache.catalina.core.StandardService stop
정보: Stopping service Catalina
2022. 3. 10 오전 7:45:49 org.apache.coyote.http11.Http11BaseProtocol destroy
정보: Stopping Coyote HTTP/1.1 on http-8080
2022. 3. 10 오전 7:45:49 org.apache.catalina.core.AprLifecycleListener lifecycleEvent
정보: Failed shutdown of Apache Portable Runtime
2022. 3. 10 오전 7:45:51 org.apache.catalina.startup.Embedded initDirs
심각: Cannot find specified temporary folder at C:\Users\korjs\OneDrive\デスクトップ\BEER3\bg_server-multi\tomcat\temp
2022. 3. 10 오전 7:45:52 org.apache.catalina.core.AprLifecycleListener lifecycleEvent
정보: The Apache Tomcat Native library which allows optimal performance in production environments was not found on the java.library.path: C:\Users\korjs\OneDrive\デスクトップ\BEER3\bg_server-multi\jdk\bin;.;C:\WINDOWS\system32;C:\WINDOWS;C:\Program Files (x86)\Common Files\Oracle\Java\javapath;C:\WINDOWS\system32;C:\WINDOWS;C:\WINDOWS\System32\Wbem;C:\WINDOWS\System32\WindowsPowerShell\v1.0\;C:\WINDOWS\System32\OpenSSH\;C:/Users/korjs/corretto/jdk11.0.10_9\bin;C:\Program Files\R\R-4.0.3\bin\x64;C:\Program Files (x86)\Common Files\Oracle\Java\javapath;C:\Windows\system32;C:\Windows;C:\Windows\System32\Wbem;C:\Windows\System32\WindowsPowerShell\v1.0\;C:\Windows\System32\OpenSSH\;C:/Users/korjs/corretto/jdk11.0.10_9\bin;C:\Users\korjs\AppData\Local\Microsoft\WindowsApps;C:\Program Files\RStudio\bin\rpostback;C:\Program Files\RStudio\bin\postback;C:\Users\korjs\AppData\Local\Microsoft\WindowsApps;;C:\Program Files (x86)\ESTsoft\ALSee\x64
2022. 3. 10 오전 7:45:52 org.apache.coyote.http11.Http11BaseProtocol init
정보: Initializing Coyote HTTP/1.1 on http-8080
2022. 3. 10 오전 7:45:52 org.apache.catalina.startup.Catalina load
정보: Initialization processed in 247 ms
2022. 3. 10 오전 7:45:52 org.apache.catalina.core.StandardService start
정보: Starting service Catalina
2022. 3. 10 오전 7:45:52 org.apache.catalina.core.StandardEngine start
정보: Starting Servlet Engine: Apache Tomcat/5.5.25
2022. 3. 10 오전 7:45:52 org.apache.catalina.core.StandardHost start
정보: XML validation disabled
2022. 3. 10 오전 7:45:52 org.apache.coyote.http11.Http11BaseProtocol start
정보: Starting Coyote HTTP/1.1 on http-8080
2022. 3. 10 오전 7:45:52 org.apache.jk.common.ChannelSocket init
정보: JK: ajp13 listening on /0.0.0.0:8009
2022. 3. 10 오전 7:45:52 org.apache.jk.server.JkMain start
정보: Jk running ID=0 time=0/11  config=null
2022. 3. 10 오전 7:45:52 org.apache.catalina.storeconfig.StoreLoader load
정보: Find registry server-registry.xml at classpath resource
2022. 3. 10 오전 7:45:52 org.apache.catalina.startup.Catalina start
정보: Server startup in 462 ms
