
ENTRY: demo\jfc\CodePointIM\CodePointIM.jar
warning wpt0015: Old File does not exist


ENTRY: demo\plugin\jfc\CodePointIM\CodePointIM.jar
warning wpt0015: Old File does not exist


ENTRY: demo\jfc\SwingSet2\src\DemoModule.java
warning wpt0015: Old File does not exist


ENTRY: demo\plugin\jfc\SwingSet2\src\DemoModule.java
warning wpt0015: Old File does not exist


ENTRY: demo\plugin\applets\Animator\example1.html
warning wpt0015: Old File does not exist


ENTRY: demo\plugin\applets\ArcTest\example1.html
warning wpt0015: Old File does not exist


ENTRY: demo\plugin\applets\BarChart\example1.html
warning wpt0015: Old File does not exist


ENTRY: demo\plugin\applets\Blink\example1.html
warning wpt0015: Old File does not exist


ENTRY: demo\plugin\applets\CardTest\example1.html
warning wpt0015: Old File does not exist


ENTRY: demo\plugin\applets\Clock\example1.html
warning wpt0015: Old File does not exist


ENTRY: demo\plugin\applets\DitherTest\example1.html
warning wpt0015: Old File does not exist


ENTRY: demo\plugin\applets\DrawTest\example1.html
warning wpt0015: Old File does not exist


ENTRY: demo\plugin\applets\Fractal\example1.html
warning wpt0015: Old File does not exist


ENTRY: demo\plugin\applets\GraphicsTest\example1.html
warning wpt0015: Old File does not exist


ENTRY: demo\plugin\applets\GraphLayout\example1.html
warning wpt0015: Old File does not exist


ENTRY: demo\plugin\applets\ImageMap\example1.html
warning wpt0015: Old File does not exist


ENTRY: demo\plugin\applets\JumpingBox\example1.html
warning wpt0015: Old File does not exist


ENTRY: demo\plugin\applets\MoleculeViewer\example1.html
warning wpt0015: Old File does not exist


ENTRY: demo\plugin\applets\NervousText\example1.html
warning wpt0015: Old File does not exist


ENTRY: demo\plugin\applets\SimpleGraph\example1.html
warning wpt0015: Old File does not exist


ENTRY: demo\plugin\applets\SortDemo\example1.html
warning wpt0015: Old File does not exist


ENTRY: demo\plugin\applets\SpreadSheet\example1.html
warning wpt0015: Old File does not exist


ENTRY: demo\plugin\applets\TicTacToe\example1.html
warning wpt0015: Old File does not exist


ENTRY: demo\plugin\applets\WireFrame\example1.html
warning wpt0015: Old File does not exist


ENTRY: demo\plugin\applets\Animator\example2.html
warning wpt0015: Old File does not exist


ENTRY: demo\plugin\applets\GraphLayout\example2.html
warning wpt0015: Old File does not exist


ENTRY: demo\plugin\applets\MoleculeViewer\example2.html
warning wpt0015: Old File does not exist


ENTRY: demo\plugin\applets\WireFrame\example2.html
warning wpt0015: Old File does not exist


ENTRY: demo\plugin\applets\Animator\example3.html
warning wpt0015: Old File does not exist


ENTRY: demo\plugin\applets\GraphLayout\example3.html
warning wpt0015: Old File does not exist


ENTRY: demo\plugin\applets\MoleculeViewer\example3.html
warning wpt0015: Old File does not exist


ENTRY: demo\plugin\applets\WireFrame\example3.html
warning wpt0015: Old File does not exist


ENTRY: demo\plugin\applets\Animator\example4.html
warning wpt0015: Old File does not exist


ENTRY: demo\plugin\applets\GraphLayout\example4.html
warning wpt0015: Old File does not exist


ENTRY: demo\plugin\applets\WireFrame\example4.html
warning wpt0015: Old File does not exist


ENTRY: demo\jpda\examples.jar
warning wpt0015: Old File does not exist


ENTRY: demo\jfc\FileChooserDemo\FileChooserDemo.jar
warning wpt0015: Old File does not exist


ENTRY: demo\plugin\jfc\FileChooserDemo\FileChooserDemo.jar
warning wpt0015: Old File does not exist


ENTRY: demo\jfc\FileChooserDemo\src\FileChooserDemo.java
warning wpt0015: Old File does not exist


ENTRY: demo\plugin\jfc\FileChooserDemo\src\FileChooserDemo.java
warning wpt0015: Old File does not exist


ENTRY: demo\plugin\jfc\Font2DTest\Font2DTest.html
warning wpt0015: Old File does not exist


ENTRY: demo\jfc\Font2DTest\Font2DTest.jar
warning wpt0015: Old File does not exist


ENTRY: demo\plugin\jfc\Font2DTest\Font2DTest.jar
warning wpt0015: Old File does not exist


ENTRY: demo\management\FullThreadDump\FullThreadDump.jar
warning wpt0015: Old File does not exist


ENTRY: demo\jvmti\gctest\lib\gctest.dll
warning wpt0015: Old File does not exist


ENTRY: demo\jvmti\heapTracker\src\heapTracker.c
warning wpt0015: Old File does not exist


ENTRY: demo\jvmti\heapTracker\lib\heapTracker.dll
warning wpt0015: Old File does not exist


ENTRY: demo\jvmti\heapTracker\heapTracker.jar
warning wpt0015: Old File does not exist


ENTRY: demo\jvmti\heapViewer\lib\heapViewer.dll
warning wpt0015: Old File does not exist


ENTRY: demo\jvmti\hprof\src\hprof.h
warning wpt0015: Old File does not exist


ENTRY: demo\jvmti\hprof\src\hprof_class.c
warning wpt0015: Old File does not exist


ENTRY: demo\jvmti\hprof\src\hprof_class.h
warning wpt0015: Old File does not exist


ENTRY: demo\jvmti\hprof\src\hprof_cpu.c
warning wpt0015: Old File does not exist


ENTRY: demo\jvmti\hprof\src\hprof_error.c
warning wpt0015: Old File does not exist


ENTRY: demo\jvmti\hprof\src\hprof_event.c
warning wpt0015: Old File does not exist


ENTRY: demo\jvmti\hprof\src\hprof_init.c
warning wpt0015: Old File does not exist


ENTRY: demo\jvmti\hprof\src\hprof_loader.c
warning wpt0015: Old File does not exist


ENTRY: demo\jvmti\hprof\src\windows\hprof_md.c
warning wpt0015: Old File does not exist


ENTRY: demo\jvmti\hprof\src\hprof_md.h
warning wpt0015: Old File does not exist


ENTRY: demo\jvmti\hprof\src\hprof_monitor.c
warning wpt0015: Old File does not exist


ENTRY: demo\jvmti\hprof\src\hprof_object.c
warning wpt0015: Old File does not exist


ENTRY: demo\jvmti\hprof\src\hprof_object.h
warning wpt0015: Old File does not exist


ENTRY: demo\jvmti\hprof\src\hprof_reference.c
warning wpt0015: Old File does not exist


ENTRY: demo\jvmti\hprof\src\hprof_site.c
warning wpt0015: Old File does not exist


ENTRY: demo\jvmti\hprof\src\hprof_table.c
warning wpt0015: Old File does not exist


ENTRY: demo\jvmti\hprof\src\hprof_tag.c
warning wpt0015: Old File does not exist


ENTRY: demo\jvmti\hprof\src\hprof_tls.c
warning wpt0015: Old File does not exist


ENTRY: demo\jvmti\hprof\src\hprof_tls.h
warning wpt0015: Old File does not exist


ENTRY: demo\jvmti\hprof\src\hprof_trace.c
warning wpt0015: Old File does not exist


ENTRY: demo\jvmti\hprof\src\hprof_util.c
warning wpt0015: Old File does not exist


ENTRY: demo\jvmti\hprof\src\hprof_util.h
warning wpt0015: Old File does not exist


ENTRY: demo\management\index.html
warning wpt0015: Old File does not exist


ENTRY: demo\plugin\jfc\Java2D\Java2Demo.html
warning wpt0015: Old File does not exist


ENTRY: demo\jfc\Java2D\Java2Demo.jar
warning wpt0015: Old File does not exist


ENTRY: demo\plugin\jfc\Java2D\Java2Demo.jar
warning wpt0015: Old File does not exist


ENTRY: demo\jvmti\java_crw_demo\src\java_crw_demo.c
warning wpt0015: Old File does not exist


ENTRY: demo\jvmti\java_crw_demo\src\java_crw_demo.h
warning wpt0015: Old File does not exist


ENTRY: demo\management\MemoryMonitor\MemoryMonitor.jar
warning wpt0015: Old File does not exist


ENTRY: demo\jfc\Metalworks\Metalworks.jar
warning wpt0015: Old File does not exist


ENTRY: demo\plugin\jfc\Metalworks\Metalworks.jar
warning wpt0015: Old File does not exist


ENTRY: demo\jfc\Metalworks\src\MetalworksHelp.java
warning wpt0015: Old File does not exist


ENTRY: demo\plugin\jfc\Metalworks\src\MetalworksHelp.java
warning wpt0015: Old File does not exist


ENTRY: demo\jvmti\mtrace\src\mtrace.c
warning wpt0015: Old File does not exist


ENTRY: demo\jvmti\mtrace\lib\mtrace.dll
warning wpt0015: Old File does not exist


ENTRY: demo\jvmti\mtrace\mtrace.jar
warning wpt0015: Old File does not exist


ENTRY: demo\jfc\Notepad\Notepad.jar
warning wpt0015: Old File does not exist


ENTRY: demo\plugin\jfc\Notepad\Notepad.jar
warning wpt0015: Old File does not exist


ENTRY: demo\jfc\SampleTree\SampleTree.jar
warning wpt0015: Old File does not exist


ENTRY: demo\plugin\jfc\SampleTree\SampleTree.jar
warning wpt0015: Old File does not exist


ENTRY: demo\jfc\SampleTree\src\SampleTreeCellRenderer.java
warning wpt0015: Old File does not exist


ENTRY: demo\plugin\jfc\SampleTree\src\SampleTreeCellRenderer.java
warning wpt0015: Old File does not exist


ENTRY: demo\jfc\Stylepad\Stylepad.jar
warning wpt0015: Old File does not exist


ENTRY: demo\plugin\jfc\Stylepad\Stylepad.jar
warning wpt0015: Old File does not exist


ENTRY: demo\plugin\jfc\SwingApplet\SwingApplet.html
warning wpt0015: Old File does not exist


ENTRY: demo\jfc\SwingApplet\SwingApplet.jar
warning wpt0015: Old File does not exist


ENTRY: demo\plugin\jfc\SwingApplet\SwingApplet.jar
warning wpt0015: Old File does not exist


ENTRY: demo\plugin\jfc\SwingSet2\SwingSet2.html
warning wpt0015: Old File does not exist


ENTRY: demo\jfc\SwingSet2\SwingSet2.jar
warning wpt0015: Old File does not exist


ENTRY: demo\plugin\jfc\SwingSet2\SwingSet2.jar
warning wpt0015: Old File does not exist


ENTRY: demo\jfc\TableExample\TableExample.jar
warning wpt0015: Old File does not exist


ENTRY: demo\plugin\jfc\TableExample\TableExample.jar
warning wpt0015: Old File does not exist


ENTRY: demo\management\VerboseGC\VerboseGC.jar
warning wpt0015: Old File does not exist


ENTRY: demo\jvmti\versionCheck\lib\versionCheck.dll
warning wpt0015: Old File does not exist


ENTRY: demo\jvmti\waiters\lib\waiters.dll
warning wpt0015: Old File does not exist

