Mozilla Firefox Installation Started: 2006-10-16 23:04:13
-------------------------------------------------------------------------------

-------------------------------------------------------------------------------
Installation Details
-------------------------------------------------------------------------------
  Install Dir: C:\Program Files\Mozilla Firefox2
  Locale     : en-US
  App Version: 2.0
  GRE Version: 1.8.1

-------------------------------------------------------------------------------
Removing Obsolete Files and Directories
-------------------------------------------------------------------------------

-------------------------------------------------------------------------------
Installing Main Files
-------------------------------------------------------------------------------
  Installed File: C:\Program Files\Mozilla Firefox2\AccessibleMarshal.dll
  Created Directory: C:\Program Files\Mozilla Firefox2\chrome
  Created Directory: C:\Program Files\Mozilla Firefox2\components
  Created Directory: C:\Program Files\Mozilla Firefox2\defaults
  Created Directory: C:\Program Files\Mozilla Firefox2\extensions
  Installed File: C:\Program Files\Mozilla Firefox2\firefox.exe
  Installed File: C:\Program Files\Mozilla Firefox2\freebl3.chk
  Installed File: C:\Program Files\Mozilla Firefox2\freebl3.dll
  Created Directory: C:\Program Files\Mozilla Firefox2\greprefs
  Installed File: C:\Program Files\Mozilla Firefox2\js3250.dll
  Installed File: C:\Program Files\Mozilla Firefox2\LICENSE
  Installed File: C:\Program Files\Mozilla Firefox2\nspr4.dll
  Installed File: C:\Program Files\Mozilla Firefox2\nss3.dll
  Installed File: C:\Program Files\Mozilla Firefox2\nssckbi.dll
  Installed File: C:\Program Files\Mozilla Firefox2\plc4.dll
  Installed File: C:\Program Files\Mozilla Firefox2\plds4.dll
  Created Directory: C:\Program Files\Mozilla Firefox2\plugins
  Installed File: C:\Program Files\Mozilla Firefox2\README.txt
  Created Directory: C:\Program Files\Mozilla Firefox2\res
  Installed File: C:\Program Files\Mozilla Firefox2\smime3.dll
  Installed File: C:\Program Files\Mozilla Firefox2\softokn3.chk
  Installed File: C:\Program Files\Mozilla Firefox2\softokn3.dll
  Installed File: C:\Program Files\Mozilla Firefox2\ssl3.dll
  Installed File: C:\Program Files\Mozilla Firefox2\updater.exe
  Installed File: C:\Program Files\Mozilla Firefox2\xpcom.dll
  Installed File: C:\Program Files\Mozilla Firefox2\xpcom_compat.dll
  Installed File: C:\Program Files\Mozilla Firefox2\xpcom_core.dll
  Installed File: C:\Program Files\Mozilla Firefox2\xpicleanup.exe
  Installed File: C:\Program Files\Mozilla Firefox2\xpistub.dll
  Installed File: C:\Program Files\Mozilla Firefox2\res\arrow.gif
  Installed File: C:\Program Files\Mozilla Firefox2\res\arrowd.gif
  Installed File: C:\Program Files\Mozilla Firefox2\res\broken-image.gif
  Installed File: C:\Program Files\Mozilla Firefox2\res\charsetalias.properties
  Installed File: C:\Program Files\Mozilla Firefox2\res\charsetData.properties
  Installed File: C:\Program Files\Mozilla Firefox2\res\cmessage.txt
  Created Directory: C:\Program Files\Mozilla Firefox2\res\dtd
  Installed File: C:\Program Files\Mozilla Firefox2\res\EditorOverride.css
  Created Directory: C:\Program Files\Mozilla Firefox2\res\entityTables
  Created Directory: C:\Program Files\Mozilla Firefox2\res\fonts
  Installed File: C:\Program Files\Mozilla Firefox2\res\forms.css
  Installed File: C:\Program Files\Mozilla Firefox2\res\grabber.gif
  Installed File: C:\Program Files\Mozilla Firefox2\res\hiddenWindow.html
  Created Directory: C:\Program Files\Mozilla Firefox2\res\html
  Installed File: C:\Program Files\Mozilla Firefox2\res\html.css
  Installed File: C:\Program Files\Mozilla Firefox2\res\langGroups.properties
  Installed File: C:\Program Files\Mozilla Firefox2\res\language.properties
  Installed File: C:\Program Files\Mozilla Firefox2\res\loading-image.gif
  Installed File: C:\Program Files\Mozilla Firefox2\res\mathml.css
  Installed File: C:\Program Files\Mozilla Firefox2\res\quirk.css
  Installed File: C:\Program Files\Mozilla Firefox2\res\svg.css
  Installed File: C:\Program Files\Mozilla Firefox2\res\table-add-column-after-active.gif
  Installed File: C:\Program Files\Mozilla Firefox2\res\table-add-column-after-hover.gif
  Installed File: C:\Program Files\Mozilla Firefox2\res\table-add-column-after.gif
  Installed File: C:\Program Files\Mozilla Firefox2\res\table-add-column-before-active.gif
  Installed File: C:\Program Files\Mozilla Firefox2\res\table-add-column-before-hover.gif
  Installed File: C:\Program Files\Mozilla Firefox2\res\table-add-column-before.gif
  Installed File: C:\Program Files\Mozilla Firefox2\res\table-add-row-after-active.gif
  Installed File: C:\Program Files\Mozilla Firefox2\res\table-add-row-after-hover.gif
  Installed File: C:\Program Files\Mozilla Firefox2\res\table-add-row-after.gif
  Installed File: C:\Program Files\Mozilla Firefox2\res\table-add-row-before-active.gif
  Installed File: C:\Program Files\Mozilla Firefox2\res\table-add-row-before-hover.gif
  Installed File: C:\Program Files\Mozilla Firefox2\res\table-add-row-before.gif
  Installed File: C:\Program Files\Mozilla Firefox2\res\table-remove-column-active.gif
  Installed File: C:\Program Files\Mozilla Firefox2\res\table-remove-column-hover.gif
  Installed File: C:\Program Files\Mozilla Firefox2\res\table-remove-column.gif
  Installed File: C:\Program Files\Mozilla Firefox2\res\table-remove-row-active.gif
  Installed File: C:\Program Files\Mozilla Firefox2\res\table-remove-row-hover.gif
  Installed File: C:\Program Files\Mozilla Firefox2\res\table-remove-row.gif
  Installed File: C:\Program Files\Mozilla Firefox2\res\ua.css
  Installed File: C:\Program Files\Mozilla Firefox2\res\viewsource.css
  Installed File: C:\Program Files\Mozilla Firefox2\res\wincharset.properties
  Installed File: C:\Program Files\Mozilla Firefox2\res\html\gopher-audio.gif
  Installed File: C:\Program Files\Mozilla Firefox2\res\html\gopher-binary.gif
  Installed File: C:\Program Files\Mozilla Firefox2\res\html\gopher-find.gif
  Installed File: C:\Program Files\Mozilla Firefox2\res\html\gopher-image.gif
  Installed File: C:\Program Files\Mozilla Firefox2\res\html\gopher-menu.gif
  Installed File: C:\Program Files\Mozilla Firefox2\res\html\gopher-movie.gif
  Installed File: C:\Program Files\Mozilla Firefox2\res\html\gopher-sound.gif
  Installed File: C:\Program Files\Mozilla Firefox2\res\html\gopher-telnet.gif
  Installed File: C:\Program Files\Mozilla Firefox2\res\html\gopher-text.gif
  Installed File: C:\Program Files\Mozilla Firefox2\res\html\gopher-unknown.gif
  Installed File: C:\Program Files\Mozilla Firefox2\res\fonts\fontEncoding.properties
  Installed File: C:\Program Files\Mozilla Firefox2\res\fonts\fontNameMap.properties
  Installed File: C:\Program Files\Mozilla Firefox2\res\fonts\mathfont.properties
  Installed File: C:\Program Files\Mozilla Firefox2\res\fonts\mathfontCMEX10.properties
  Installed File: C:\Program Files\Mozilla Firefox2\res\fonts\mathfontCMSY10.properties
  Installed File: C:\Program Files\Mozilla Firefox2\res\fonts\mathfontMath1.properties
  Installed File: C:\Program Files\Mozilla Firefox2\res\fonts\mathfontMath2.properties
  Installed File: C:\Program Files\Mozilla Firefox2\res\fonts\mathfontMath4.properties
  Installed File: C:\Program Files\Mozilla Firefox2\res\fonts\mathfontMTExtra.properties
  Installed File: C:\Program Files\Mozilla Firefox2\res\fonts\mathfontPUA.properties
  Installed File: C:\Program Files\Mozilla Firefox2\res\fonts\mathfontSymbol.properties
  Installed File: C:\Program Files\Mozilla Firefox2\res\entityTables\html40Latin1.properties
  Installed File: C:\Program Files\Mozilla Firefox2\res\entityTables\html40Special.properties
  Installed File: C:\Program Files\Mozilla Firefox2\res\entityTables\html40Symbols.properties
  Installed File: C:\Program Files\Mozilla Firefox2\res\entityTables\htmlEntityVersions.properties
  Installed File: C:\Program Files\Mozilla Firefox2\res\entityTables\mathml20.properties
  Installed File: C:\Program Files\Mozilla Firefox2\res\entityTables\transliterate.properties
  Installed File: C:\Program Files\Mozilla Firefox2\res\dtd\mathml.dtd
  Installed File: C:\Program Files\Mozilla Firefox2\res\dtd\xhtml11.dtd
  Installed File: C:\Program Files\Mozilla Firefox2\plugins\npnul32.dll
  Installed File: C:\Program Files\Mozilla Firefox2\greprefs\all.js
  Installed File: C:\Program Files\Mozilla Firefox2\greprefs\security-prefs.js
  Installed File: C:\Program Files\Mozilla Firefox2\greprefs\xpinstall.js
  Created Directory: C:\Program Files\Mozilla Firefox2\extensions\{972ce4c6-7e08-4474-a285-3208198ce6fd}
  Installed File: C:\Program Files\Mozilla Firefox2\extensions\{972ce4c6-7e08-4474-a285-3208198ce6fd}\install.rdf
  Created Directory: C:\Program Files\Mozilla Firefox2\defaults\autoconfig
  Created Directory: C:\Program Files\Mozilla Firefox2\defaults\pref
  Installed File: C:\Program Files\Mozilla Firefox2\defaults\pref\channel-prefs.js
  Installed File: C:\Program Files\Mozilla Firefox2\defaults\pref\firefox-branding.js
  Installed File: C:\Program Files\Mozilla Firefox2\defaults\pref\firefox.js
  Installed File: C:\Program Files\Mozilla Firefox2\defaults\pref\reporter.js
  Installed File: C:\Program Files\Mozilla Firefox2\defaults\autoconfig\platform.js
  Installed File: C:\Program Files\Mozilla Firefox2\defaults\autoconfig\prefcalls.js
  Installed File: C:\Program Files\Mozilla Firefox2\components\browser.xpt
  Installed File: C:\Program Files\Mozilla Firefox2\components\FeedConverter.js
  Installed File: C:\Program Files\Mozilla Firefox2\components\FeedProcessor.js
  Installed File: C:\Program Files\Mozilla Firefox2\components\FeedWriter.js
  Installed File: C:\Program Files\Mozilla Firefox2\components\jar50.dll
  Installed File: C:\Program Files\Mozilla Firefox2\components\jsconsole-clhandler.js
  Installed File: C:\Program Files\Mozilla Firefox2\components\jsd3250.dll
  Installed File: C:\Program Files\Mozilla Firefox2\components\myspell.dll
  Installed File: C:\Program Files\Mozilla Firefox2\components\nsBookmarkTransactionManager.js
  Installed File: C:\Program Files\Mozilla Firefox2\components\nsBrowserContentHandler.js
  Installed File: C:\Program Files\Mozilla Firefox2\components\nsBrowserGlue.js
  Installed File: C:\Program Files\Mozilla Firefox2\components\nsCloseAllWindows.js
  Installed File: C:\Program Files\Mozilla Firefox2\components\nsDictionary.js
  Installed File: C:\Program Files\Mozilla Firefox2\components\nsExtensionManager.js
  Installed File: C:\Program Files\Mozilla Firefox2\components\nsHelperAppDlg.js
  Installed File: C:\Program Files\Mozilla Firefox2\components\nsMicrosummaryService.js
  Installed File: C:\Program Files\Mozilla Firefox2\components\nsPostUpdateWin.js
  Installed File: C:\Program Files\Mozilla Firefox2\components\nsProxyAutoConfig.js
  Installed File: C:\Program Files\Mozilla Firefox2\components\nsSafebrowsingApplication.js
  Installed File: C:\Program Files\Mozilla Firefox2\components\nsSearchService.js
  Installed File: C:\Program Files\Mozilla Firefox2\components\nsSearchSuggestions.js
  Installed File: C:\Program Files\Mozilla Firefox2\components\nsSessionStartup.js
  Installed File: C:\Program Files\Mozilla Firefox2\components\nsSessionStore.js
  Installed File: C:\Program Files\Mozilla Firefox2\components\nsSetDefaultBrowser.js
  Installed File: C:\Program Files\Mozilla Firefox2\components\nsSidebar.js
  Installed File: C:\Program Files\Mozilla Firefox2\components\nsUpdateService.js
  Installed File: C:\Program Files\Mozilla Firefox2\components\nsUrlClassifierLib.js
  Installed File: C:\Program Files\Mozilla Firefox2\components\nsUrlClassifierListManager.js
  Installed File: C:\Program Files\Mozilla Firefox2\components\nsUrlClassifierTable.js
  Installed File: C:\Program Files\Mozilla Firefox2\components\nsURLFormatter.js
  Installed File: C:\Program Files\Mozilla Firefox2\components\nsXmlRpcClient.js
  Installed File: C:\Program Files\Mozilla Firefox2\components\spellchk.dll
  Installed File: C:\Program Files\Mozilla Firefox2\components\WebContentConverter.js
  Installed File: C:\Program Files\Mozilla Firefox2\components\xpinstal.dll
  Installed File: C:\Program Files\Mozilla Firefox2\chrome\browser.jar
  Installed File: C:\Program Files\Mozilla Firefox2\chrome\browser.manifest
  Installed File: C:\Program Files\Mozilla Firefox2\chrome\classic.jar
  Installed File: C:\Program Files\Mozilla Firefox2\chrome\classic.manifest
  Installed File: C:\Program Files\Mozilla Firefox2\chrome\comm.jar
  Installed File: C:\Program Files\Mozilla Firefox2\chrome\comm.manifest
  Installed File: C:\Program Files\Mozilla Firefox2\chrome\pippki.jar
  Installed File: C:\Program Files\Mozilla Firefox2\chrome\pippki.manifest
  Installed File: C:\Program Files\Mozilla Firefox2\chrome\reporter.jar
  Installed File: C:\Program Files\Mozilla Firefox2\chrome\reporter.manifest
  Installed File: C:\Program Files\Mozilla Firefox2\chrome\toolkit.jar
  Installed File: C:\Program Files\Mozilla Firefox2\chrome\toolkit.manifest

-------------------------------------------------------------------------------
DLL Registration
-------------------------------------------------------------------------------
  Registered: C:\Program Files\Mozilla Firefox2\AccessibleMarshal.dll

-------------------------------------------------------------------------------
Installing Localized Files
-------------------------------------------------------------------------------
  Installed File: C:\Program Files\Mozilla Firefox2\browserconfig.properties
  Created Directory: C:\Program Files\Mozilla Firefox2\dictionaries
  Created Directory: C:\Program Files\Mozilla Firefox2\searchplugins
  Installed File: C:\Program Files\Mozilla Firefox2\updater.ini
  Installed File: C:\Program Files\Mozilla Firefox2\uninstall\uninst.exe
  Installed File: C:\Program Files\Mozilla Firefox2\searchplugins\amazondotcom.xml
  Installed File: C:\Program Files\Mozilla Firefox2\searchplugins\answers.xml
  Installed File: C:\Program Files\Mozilla Firefox2\searchplugins\creativecommons.xml
  Installed File: C:\Program Files\Mozilla Firefox2\searchplugins\eBay.xml
  Installed File: C:\Program Files\Mozilla Firefox2\searchplugins\google.xml
  Installed File: C:\Program Files\Mozilla Firefox2\searchplugins\yahoo.xml
  Installed File: C:\Program Files\Mozilla Firefox2\dictionaries\en-US.aff
  Installed File: C:\Program Files\Mozilla Firefox2\dictionaries\en-US.dic
  Created Directory: C:\Program Files\Mozilla Firefox2\defaults\profile
  Installed File: C:\Program Files\Mozilla Firefox2\defaults\profile\bookmarks.html
  Created Directory: C:\Program Files\Mozilla Firefox2\defaults\profile\chrome
  Installed File: C:\Program Files\Mozilla Firefox2\defaults\profile\localstore.rdf
  Installed File: C:\Program Files\Mozilla Firefox2\defaults\profile\mimeTypes.rdf
  Installed File: C:\Program Files\Mozilla Firefox2\defaults\profile\prefs.js
  Installed File: C:\Program Files\Mozilla Firefox2\defaults\profile\search.rdf
  Installed File: C:\Program Files\Mozilla Firefox2\defaults\profile\chrome\userChrome-example.css
  Installed File: C:\Program Files\Mozilla Firefox2\defaults\profile\chrome\userContent-example.css
  Installed File: C:\Program Files\Mozilla Firefox2\defaults\pref\firefox-l10n.js
  Installed File: C:\Program Files\Mozilla Firefox2\chrome\en-US.jar
  Installed File: C:\Program Files\Mozilla Firefox2\chrome\en-US.manifest

-------------------------------------------------------------------------------
Adding Additional Files
-------------------------------------------------------------------------------

-------------------------------------------------------------------------------
Copying QuickTime Plugin Files
-------------------------------------------------------------------------------
  Source Directory: C:\Program Files\QuickTime\Plugins\Plugins
  Installed File: C:\Program Files\Mozilla Firefox2\plugins\npqtplugin.dll
  Installed File: C:\Program Files\Mozilla Firefox2\plugins\npqtplugin2.dll
  Installed File: C:\Program Files\Mozilla Firefox2\plugins\npqtplugin3.dll
  Installed File: C:\Program Files\Mozilla Firefox2\plugins\nsIQTScriptablePlugin.xpt
  Installed File: C:\Program Files\Mozilla Firefox2\plugins\QuickTimePlugin.class

-------------------------------------------------------------------------------
Adding Registry Entries
-------------------------------------------------------------------------------
  Added Registry String: HKLM | Software\Mozilla\Mozilla Firefox\2.0 (en-US)\Main | Install Directory | C:\Program Files\Mozilla Firefox2
  Added Registry String: HKLM | Software\Mozilla\Mozilla Firefox\2.0 (en-US)\Main | PathToExe | C:\Program Files\Mozilla Firefox2\firefox.exe
  Added Registry String: HKLM | Software\Mozilla\Mozilla Firefox\2.0 (en-US)\Main | Program Folder Path | C:\Documents and Settings\All Users\Start Menu\Programs\
  Added Registry DWord: HKLM | Software\Mozilla\Mozilla Firefox\2.0 (en-US)\Main | Create Quick Launch Shortcut | 0
  Added Registry DWord: HKLM | Software\Mozilla\Mozilla Firefox\2.0 (en-US)\Main | Create Desktop Shortcut | 0
  Added Registry DWord: HKLM | Software\Mozilla\Mozilla Firefox\2.0 (en-US)\Main | Create Start Menu Shortcut | 0
  Added Registry String: HKLM | Software\Mozilla\Mozilla Firefox\2.0 (en-US)\Uninstall | Uninstall Log Folder | C:\Program Files\Mozilla Firefox2\uninstall
  Added Registry String: HKLM | Software\Mozilla\Mozilla Firefox\2.0 (en-US)\Uninstall | Description | Mozilla Firefox (2.0)
  Added Registry String: HKLM | Software\Mozilla\Mozilla Firefox\2.0 (en-US) |  | 2.0 (en-US)
  Added Registry String: HKLM | Software\Mozilla\Mozilla Firefox 2.0\bin | PathToExe | C:\Program Files\Mozilla Firefox2\firefox.exe
  Added Registry String: HKLM | Software\Mozilla\Mozilla Firefox 2.0\extensions | Components | C:\Program Files\Mozilla Firefox2\components
  Added Registry String: HKLM | Software\Mozilla\Mozilla Firefox 2.0\extensions | Plugins | C:\Program Files\Mozilla Firefox2\plugins
  Added Registry String: HKLM | Software\Mozilla\Mozilla Firefox 2.0 | GeckoVer | 1.8.1
  Added Registry String: HKLM | Software\Mozilla\Mozilla Firefox |  | 1.8.1
  Added Registry String: HKLM | Software\Mozilla\Mozilla Firefox | CurrentVersion | 2.0 (en-US)
  Added Registry String: HKLM | Software\Clients\StartMenuInternet\FIREFOX.EXE |  | Mozilla Firefox
  Added Registry String: HKLM | Software\Clients\StartMenuInternet\FIREFOX.EXE\DefaultIcon |  | "C:\Program Files\Mozilla Firefox2\firefox.exe",0
  Added Registry String: HKLM | Software\Clients\StartMenuInternet\FIREFOX.EXE\InstallInfo | HideIconsCommand | "C:\Program Files\Mozilla Firefox2\uninstall\uninst.exe" /ua "2.0 (en-US)" /hs browser
  Added Registry DWord: HKLM | Software\Clients\StartMenuInternet\FIREFOX.EXE\InstallInfo | IconsVisible | 1
  Added Registry String: HKLM | Software\Clients\StartMenuInternet\FIREFOX.EXE\InstallInfo | ReinstallCommand | "C:\Program Files\Mozilla Firefox2\firefox.exe" -silent -setDefaultBrowser
  Added Registry String: HKLM | Software\Clients\StartMenuInternet\FIREFOX.EXE\InstallInfo | ShowIconsCommand | "C:\Program Files\Mozilla Firefox2\uninstall\uninst.exe" /ua "2.0 (en-US)" /ss browser
  Added Registry String: HKLM | Software\Clients\StartMenuInternet\FIREFOX.EXE\shell\open\command |  | C:\Program Files\Mozilla Firefox2\firefox.exe
  Added Registry String: HKLM | Software\Clients\StartMenuInternet\FIREFOX.EXE\shell\properties |  | Mozilla Firefox &Options
  Added Registry String: HKLM | Software\Clients\StartMenuInternet\FIREFOX.EXE\shell\properties\command |  | C:\Program Files\Mozilla Firefox2\firefox.exe -preferences
  Added Registry String: HKLM | Software\Microsoft\Windows\CurrentVersion\App Paths\firefox.exe |  | C:\Program Files\Mozilla Firefox2\firefox.exe
  Added Registry String: HKLM | Software\Microsoft\Windows\CurrentVersion\App Paths\firefox.exe | Path | C:\Program Files\Mozilla Firefox2
  Added Registry String: HKCR | MIME\Database\Content Type\application/x-xpinstall;app=firefox | Extension | .xpi
  Added Registry Key: HKLM | Software\Microsoft\MediaPlayer\ShimInclusionList\FIREFOX.EXE
  Added Registry String: HKLM | Software\Microsoft\Windows\CurrentVersion\Uninstall\Mozilla Firefox (2.0) | Comments | Mozilla Firefox
  Added Registry String: HKLM | Software\Microsoft\Windows\CurrentVersion\Uninstall\Mozilla Firefox (2.0) | DisplayIcon | C:\Program Files\Mozilla Firefox2\firefox.exe,0
  Added Registry String: HKLM | Software\Microsoft\Windows\CurrentVersion\Uninstall\Mozilla Firefox (2.0) | DisplayName | Mozilla Firefox (2.0)
  Added Registry String: HKLM | Software\Microsoft\Windows\CurrentVersion\Uninstall\Mozilla Firefox (2.0) | DisplayVersion | 2.0 (en-US)
  Added Registry String: HKLM | Software\Microsoft\Windows\CurrentVersion\Uninstall\Mozilla Firefox (2.0) | InstallLocation | C:\Program Files\Mozilla Firefox2
  Added Registry String: HKLM | Software\Microsoft\Windows\CurrentVersion\Uninstall\Mozilla Firefox (2.0) | Publisher | Mozilla
  Added Registry String: HKLM | Software\Microsoft\Windows\CurrentVersion\Uninstall\Mozilla Firefox (2.0) | UninstallString | C:\Program Files\Mozilla Firefox2\uninstall\uninst.exe
  Added Registry String: HKLM | Software\Microsoft\Windows\CurrentVersion\Uninstall\Mozilla Firefox (2.0) | URLInfoAbout | http://en-US.www.mozilla.com/en-US/
  Added Registry String: HKLM | Software\Microsoft\Windows\CurrentVersion\Uninstall\Mozilla Firefox (2.0) | URLUpdateInfo | http://en-US.www.mozilla.com/en-US/firefox/
  Added Registry DWord: HKLM | Software\Microsoft\Windows\CurrentVersion\Uninstall\Mozilla Firefox (2.0) | NoModify | 1
  Added Registry DWord: HKLM | Software\Microsoft\Windows\CurrentVersion\Uninstall\Mozilla Firefox (2.0) | NoRepair | 1

-------------------------------------------------------------------------------
Adding Shortcuts
-------------------------------------------------------------------------------

-------------------------------------------------------------------------------
Updating Quick Launch Shortcuts
-------------------------------------------------------------------------------

-------------------------------------------------------------------------------
Installing Developer Tools
-------------------------------------------------------------------------------
  Created Directory: C:\Program Files\Mozilla Firefox2\extensions\inspector@mozilla.org\chrome
  Installed File: C:\Program Files\Mozilla Firefox2\extensions\inspector@mozilla.org\chrome.manifest
  Created Directory: C:\Program Files\Mozilla Firefox2\extensions\inspector@mozilla.org\components
  Created Directory: C:\Program Files\Mozilla Firefox2\extensions\inspector@mozilla.org\defaults
  Installed File: C:\Program Files\Mozilla Firefox2\extensions\inspector@mozilla.org\install.rdf
  Created Directory: C:\Program Files\Mozilla Firefox2\extensions\inspector@mozilla.org\defaults\preferences
  Installed File: C:\Program Files\Mozilla Firefox2\extensions\inspector@mozilla.org\defaults\preferences\inspector.js
  Installed File: C:\Program Files\Mozilla Firefox2\extensions\inspector@mozilla.org\components\inspector-cmdline.js
  Created Directory: C:\Program Files\Mozilla Firefox2\extensions\inspector@mozilla.org\chrome\icons
  Installed File: C:\Program Files\Mozilla Firefox2\extensions\inspector@mozilla.org\chrome\inspector.jar
  Created Directory: C:\Program Files\Mozilla Firefox2\extensions\inspector@mozilla.org\chrome\icons\default
  Installed File: C:\Program Files\Mozilla Firefox2\extensions\inspector@mozilla.org\chrome\icons\default\winInspectorMain.ico

-------------------------------------------------------------------------------
Mozilla Firefox Installation Finished: 2006-10-16 23:04:15
-------------------------------------------------------------------------------
file:///A:/flashplayer-win.xpi  --  2008-01-25 11:06:14
-------------------------------------------------------------------------------

     Adobe Flash Player (version 9.0.115.0)
     ------------------

     ** Insufficient disk space: A:\FirefoxPortable\App\firefox\plugins\
     **   required : 2052 K
     **   available: 496 K
     ** Cancelling current browser install due to lack of space...
     ** Line: 161	cancellInstall is not defined

     Install **FAILED** with error -229  --  2008-01-25 11:06:18

-------------------------------------------------------------------------------
file:///A:/flashplayer-win.xpi  --  2008-01-25 11:12:53
-------------------------------------------------------------------------------

     Adobe Flash Player (version 9.0.115.0)
     ------------------

     ** Insufficient disk space: A:\FirefoxPortable\App\firefox\plugins\
     **   required : 2052 K
     **   available: 488 K
     ** Cancelling current browser install due to lack of space...
     ** Line: 161	cancellInstall is not defined

     Install **FAILED** with error -229  --  2008-01-25 11:13:04

-------------------------------------------------------------------------------
file:///A:/FirefoxPortable/flashplayer-win.xpi  --  2008-01-25 11:13:26
-------------------------------------------------------------------------------

     Adobe Flash Player (version 9.0.115.0)
     ------------------

     ** Insufficient disk space: A:\FirefoxPortable\App\firefox\plugins\
     **   required : 2052 K
     **   available: 488 K
     ** Cancelling current browser install due to lack of space...
     ** Line: 161	cancellInstall is not defined

     Install **FAILED** with error -229  --  2008-01-25 11:13:28

-------------------------------------------------------------------------------
file:///F:/FirefoxPortable/flashplayer-win.xpi  --  2008-01-25 11:30:58
-------------------------------------------------------------------------------

     Adobe Flash Player (version 9.0.115.0)
     ------------------

     ** Insufficient disk space: F:\FirefoxPortable\App\firefox\plugins\
     **   required : 2052 K
     **   available: 548 K
     ** Cancelling current browser install due to lack of space...
     ** Line: 161	cancellInstall is not defined

     Install **FAILED** with error -229  --  2008-01-25 11:31:00

-------------------------------------------------------------------------------
file:///F:/FirefoxPortable/flashplayer-win.xpi  --  2008-01-25 11:35:37
-------------------------------------------------------------------------------

     Adobe Flash Player (version 9.0.115.0)
     ------------------

     ** Moz registerPLID: rootKey==HKEY_LOCAL_MACHINE
     ** Moz registerPLID: Registry keys seems to be written successfully
     ** Moz First Install Installation: registerPLID(HKEY_LOCAL_MACHINE) returned, status 0
     ** Moz registerPLID: rootKey==HKEY_CURRENT_USER
     ** Moz registerPLID: creating missing key SOFTWARE\MozillaPlugins.
     ** Moz registerPLID: Registry keys seems to be written successfully
     ** First Install Installation: registerPLID(HKEY_CURRENT_USER) returned, status 0
     ** PLID entries are present in the Win32 Registry
     [1/43]	Installing: F:\FirefoxPortable\App\firefox\plugins\NPSWF32.dll
     [2/43]	Installing: F:\FirefoxPortable\App\firefox\plugins\flashplayer.xpt
     [3/43]	Installing: F:\FirefoxPortable\App\firefox\plugins\NPSWF32_FlashUtil.exe
     [4/43]	Replacing: C:\WINDOWS\system32\Macromed\Flash\NPSWF32.dll
     [5/43]	Replacing: C:\WINDOWS\system32\Macromed\Flash\flashplayer.xpt
     [6/43]	Replacing: C:\WINDOWS\system32\Macromed\Flash\NPSWF32_FlashUtil.exe
     [7/43]	Executing: C:\DOKUME~1\wikari\LOKALE~1\Temp\xpinstall.exe
     [8/43]	Create Registry Key: HKEY_LOCAL_MACHINE\SOFTWARE\MozillaPlugins\@adobe.com/FlashPlayer []
     [9/43]	Store Registry Value String: HKEY_LOCAL_MACHINE\SOFTWARE\MozillaPlugins\@adobe.com/FlashPlayer [Path]
     [10/43]	Store Registry Value String: HKEY_LOCAL_MACHINE\SOFTWARE\MozillaPlugins\@adobe.com/FlashPlayer [XPTPath]
     [11/43]	Store Registry Value String: HKEY_LOCAL_MACHINE\SOFTWARE\MozillaPlugins\@adobe.com/FlashPlayer [ProductName]
     [12/43]	Store Registry Value String: HKEY_LOCAL_MACHINE\SOFTWARE\MozillaPlugins\@adobe.com/FlashPlayer [Vendor]
     [13/43]	Store Registry Value String: HKEY_LOCAL_MACHINE\SOFTWARE\MozillaPlugins\@adobe.com/FlashPlayer [Description]
     [14/43]	Store Registry Value String: HKEY_LOCAL_MACHINE\SOFTWARE\MozillaPlugins\@adobe.com/FlashPlayer [Version]
     [15/43]	Create Registry Key: HKEY_LOCAL_MACHINE\SOFTWARE\MozillaPlugins\@adobe.com/FlashPlayer\MimeTypes []
     [16/43]	Create Registry Key: HKEY_LOCAL_MACHINE\SOFTWARE\MozillaPlugins\@adobe.com/FlashPlayer\MimeTypes\application/x-shockwave-flash []
     [17/43]	Store Registry Value String: HKEY_LOCAL_MACHINE\SOFTWARE\MozillaPlugins\@adobe.com/FlashPlayer\MimeTypes\application/x-shockwave-flash [Description]
     [18/43]	Store Registry Value String: HKEY_LOCAL_MACHINE\SOFTWARE\MozillaPlugins\@adobe.com/FlashPlayer\MimeTypes\application/x-shockwave-flash [Suffixes]
     [19/43]	Create Registry Key: HKEY_LOCAL_MACHINE\SOFTWARE\MozillaPlugins\@adobe.com/FlashPlayer\MimeTypes\application/futuresplash []
     [20/43]	Store Registry Value String: HKEY_LOCAL_MACHINE\SOFTWARE\MozillaPlugins\@adobe.com/FlashPlayer\MimeTypes\application/futuresplash [Description]
     [21/43]	Store Registry Value String: HKEY_LOCAL_MACHINE\SOFTWARE\MozillaPlugins\@adobe.com/FlashPlayer\MimeTypes\application/futuresplash [Suffixes]
     [22/43]	Create Registry Key: HKEY_LOCAL_MACHINE\SOFTWARE\MozillaPlugins\@adobe.com/FlashPlayer\Suffixes []
     [23/43]	Store Registry Value String: HKEY_LOCAL_MACHINE\SOFTWARE\MozillaPlugins\@adobe.com/FlashPlayer\Suffixes [swf]
     [24/43]	Store Registry Value String: HKEY_LOCAL_MACHINE\SOFTWARE\MozillaPlugins\@adobe.com/FlashPlayer\Suffixes [spl]
     [25/43]	Create Registry Key: HKEY_CURRENT_USER\SOFTWARE\MozillaPlugins []
     [26/43]	Create Registry Key: HKEY_CURRENT_USER\SOFTWARE\MozillaPlugins\@adobe.com/FlashPlayer []
     [27/43]	Store Registry Value String: HKEY_CURRENT_USER\SOFTWARE\MozillaPlugins\@adobe.com/FlashPlayer [Path]
     [28/43]	Store Registry Value String: HKEY_CURRENT_USER\SOFTWARE\MozillaPlugins\@adobe.com/FlashPlayer [XPTPath]
     [29/43]	Store Registry Value String: HKEY_CURRENT_USER\SOFTWARE\MozillaPlugins\@adobe.com/FlashPlayer [ProductName]
     [30/43]	Store Registry Value String: HKEY_CURRENT_USER\SOFTWARE\MozillaPlugins\@adobe.com/FlashPlayer [Vendor]
     [31/43]	Store Registry Value String: HKEY_CURRENT_USER\SOFTWARE\MozillaPlugins\@adobe.com/FlashPlayer [Description]
     [32/43]	Store Registry Value String: HKEY_CURRENT_USER\SOFTWARE\MozillaPlugins\@adobe.com/FlashPlayer [Version]
     [33/43]	Create Registry Key: HKEY_CURRENT_USER\SOFTWARE\MozillaPlugins\@adobe.com/FlashPlayer\MimeTypes []
     [34/43]	Create Registry Key: HKEY_CURRENT_USER\SOFTWARE\MozillaPlugins\@adobe.com/FlashPlayer\MimeTypes\application/x-shockwave-flash []
     [35/43]	Store Registry Value String: HKEY_CURRENT_USER\SOFTWARE\MozillaPlugins\@adobe.com/FlashPlayer\MimeTypes\application/x-shockwave-flash [Description]
     [36/43]	Store Registry Value String: HKEY_CURRENT_USER\SOFTWARE\MozillaPlugins\@adobe.com/FlashPlayer\MimeTypes\application/x-shockwave-flash [Suffixes]
     [37/43]	Create Registry Key: HKEY_CURRENT_USER\SOFTWARE\MozillaPlugins\@adobe.com/FlashPlayer\MimeTypes\application/futuresplash []
     [38/43]	Store Registry Value String: HKEY_CURRENT_USER\SOFTWARE\MozillaPlugins\@adobe.com/FlashPlayer\MimeTypes\application/futuresplash [Description]
     [39/43]	Store Registry Value String: HKEY_CURRENT_USER\SOFTWARE\MozillaPlugins\@adobe.com/FlashPlayer\MimeTypes\application/futuresplash [Suffixes]
     [40/43]	Create Registry Key: HKEY_CURRENT_USER\SOFTWARE\MozillaPlugins\@adobe.com/FlashPlayer\Suffixes []
     [41/43]	Store Registry Value String: HKEY_CURRENT_USER\SOFTWARE\MozillaPlugins\@adobe.com/FlashPlayer\Suffixes [swf]
     [42/43]	Store Registry Value String: HKEY_CURRENT_USER\SOFTWARE\MozillaPlugins\@adobe.com/FlashPlayer\Suffixes [spl]
     [43/43]	Store Registry Value String: HKEY_CURRENT_USER\SOFTWARE\Macromedia\FlashPlayer [FlashPlayerVersion]

     Install completed successfully  --  2008-01-25 11:35:41

